<?xml version="1.0" encoding="UTF-8"?>
<!-- Generated by org.testng.reporters.JUnitReportReporter -->
<testsuite skipped="0" hostname="Abdul" name="com.selenium.seleak.mvnclass" tests="2" failures="0" timestamp="11 Sep 2018 10:13:02 GMT" time="0.008" errors="0">
  <testcase name="testCase1" time="0.006" classname="com.selenium.seleak.mvnclass"/>
  <testcase name="testCase2" time="0.002" classname="com.selenium.seleak.mvnclass"/>
</testsuite> <!-- com.selenium.seleak.mvnclass -->
