<?xml version="1.0" encoding="UTF-8"?>
<!-- Generated by org.testng.reporters.JUnitReportReporter -->
<testsuite skipped="0" hostname="Abdul" name="com.selenium.seleak.Second" tests="1" failures="0" timestamp="11 Sep 2018 10:49:09 GMT" time="8.747" errors="0">
  <testcase name="testCase2" time="8.747" classname="com.selenium.seleak.Second"/>
</testsuite> <!-- com.selenium.seleak.Second -->
