<?xml version="1.0" encoding="UTF-8"?>
<!-- Generated by org.testng.reporters.JUnitReportReporter -->
<testsuite skipped="0" hostname="Abdul" name="com.selenium.seleak.mvnclass" tests="2" failures="0" timestamp="11 Sep 2018 10:47:27 GMT" time="20.057" errors="0">
  <testcase name="testCase2" time="20.057" classname="com.selenium.seleak.mvnclass"/>
  <testcase name="testCase1" time="0.000" classname="com.selenium.seleak.mvnclass"/>
</testsuite> <!-- com.selenium.seleak.mvnclass -->
