<?xml version="1.0" encoding="UTF-8"?>
<!-- Generated by org.testng.reporters.JUnitReportReporter -->
<testsuite skipped="0" hostname="Abdul" name="com.selenium.seleak.Second" tests="1" failures="0" timestamp="12 Sep 2018 08:00:51 GMT" time="6.732" errors="0">
  <testcase name="testCase2" time="6.732" classname="com.selenium.seleak.Second"/>
</testsuite> <!-- com.selenium.seleak.Second -->
