<?xml version="1.0" encoding="UTF-8"?>
<!-- Generated by org.testng.reporters.JUnitReportReporter -->
<testsuite skipped="0" hostname="Abdul" name="com.selenium.seleak.First" tests="1" failures="0" timestamp="11 Sep 2018 10:49:09 GMT" time="9.806" errors="0">
  <testcase name="ak" time="9.806" classname="com.selenium.seleak.First"/>
</testsuite> <!-- com.selenium.seleak.First -->
