<?xml version="1.0" encoding="UTF-8"?>
<!-- Generated by org.testng.reporters.JUnitReportReporter -->
<testsuite skipped="0" hostname="Abdul" name="com.selenium.seleak.First" tests="1" failures="0" timestamp="12 Sep 2018 08:00:51 GMT" time="15.604" errors="0">
  <testcase name="ak" time="15.604" classname="com.selenium.seleak.First"/>
</testsuite> <!-- com.selenium.seleak.First -->
